<?xml version="1.0" encoding="UTF-8"?>
<testsuite xmlns:xsi="http://www.w3.org/2001/XMLSchema-instance" xsi:noNamespaceSchemaLocation="https://maven.apache.org/surefire/maven-surefire-plugin/xsd/surefire-test-report.xsd" name="com.example.rail.RailApplicationTests" time="3.995" tests="1" errors="0" skipped="0" failures="0">
  <properties>
    <property name="sun.desktop" value="windows"/>
    <property name="awt.toolkit" value="sun.awt.windows.WToolkit"/>
    <property name="file.encoding.pkg" value="sun.io"/>
    <property name="java.specification.version" value="1.8"/>
    <property name="sun.cpu.isalist" value="amd64"/>
    <property name="sun.jnu.encoding" value="GBK"/>
    <property name="java.class.path" value="E:\job\rail\target\test-classes;E:\job\rail\target\classes;C:\Users\ALIENWARE17-GTX1060\.m2\repository\org\springframework\boot\spring-boot-starter-web\2.1.6.RELEASE\spring-boot-starter-web-2.1.6.RELEASE.jar;C:\Users\ALIENWARE17-GTX1060\.m2\repository\org\springframework\boot\spring-boot-starter\2.1.6.RELEASE\spring-boot-starter-2.1.6.RELEASE.jar;C:\Users\ALIENWARE17-GTX1060\.m2\repository\org\springframework\boot\spring-boot\2.1.6.RELEASE\spring-boot-2.1.6.RELEASE.jar;C:\Users\ALIENWARE17-GTX1060\.m2\repository\org\springframework\boot\spring-boot-autoconfigure\2.1.6.RELEASE\spring-boot-autoconfigure-2.1.6.RELEASE.jar;C:\Users\ALIENWARE17-GTX1060\.m2\repository\org\springframework\boot\spring-boot-starter-logging\2.1.6.RELEASE\spring-boot-starter-logging-2.1.6.RELEASE.jar;C:\Users\ALIENWARE17-GTX1060\.m2\repository\ch\qos\logback\logback-classic\1.2.3\logback-classic-1.2.3.jar;C:\Users\ALIENWARE17-GTX1060\.m2\repository\ch\qos\logback\logback-core\1.2.3\logback-core-1.2.3.jar;C:\Users\ALIENWARE17-GTX1060\.m2\repository\org\apache\logging\log4j\log4j-to-slf4j\2.11.2\log4j-to-slf4j-2.11.2.jar;C:\Users\ALIENWARE17-GTX1060\.m2\repository\org\apache\logging\log4j\log4j-api\2.11.2\log4j-api-2.11.2.jar;C:\Users\ALIENWARE17-GTX1060\.m2\repository\org\slf4j\jul-to-slf4j\1.7.26\jul-to-slf4j-1.7.26.jar;C:\Users\ALIENWARE17-GTX1060\.m2\repository\javax\annotation\javax.annotation-api\1.3.2\javax.annotation-api-1.3.2.jar;C:\Users\ALIENWARE17-GTX1060\.m2\repository\org\yaml\snakeyaml\1.23\snakeyaml-1.23.jar;C:\Users\ALIENWARE17-GTX1060\.m2\repository\org\springframework\boot\spring-boot-starter-json\2.1.6.RELEASE\spring-boot-starter-json-2.1.6.RELEASE.jar;C:\Users\ALIENWARE17-GTX1060\.m2\repository\com\fasterxml\jackson\core\jackson-databind\2.9.9\jackson-databind-2.9.9.jar;C:\Users\ALIENWARE17-GTX1060\.m2\repository\com\fasterxml\jackson\core\jackson-annotations\2.9.0\jackson-annotations-2.9.0.jar;C:\Users\ALIENWARE17-GTX1060\.m2\repository\com\fasterxml\jackson\core\jackson-core\2.9.9\jackson-core-2.9.9.jar;C:\Users\ALIENWARE17-GTX1060\.m2\repository\com\fasterxml\jackson\datatype\jackson-datatype-jdk8\2.9.9\jackson-datatype-jdk8-2.9.9.jar;C:\Users\ALIENWARE17-GTX1060\.m2\repository\com\fasterxml\jackson\datatype\jackson-datatype-jsr310\2.9.9\jackson-datatype-jsr310-2.9.9.jar;C:\Users\ALIENWARE17-GTX1060\.m2\repository\com\fasterxml\jackson\module\jackson-module-parameter-names\2.9.9\jackson-module-parameter-names-2.9.9.jar;C:\Users\ALIENWARE17-GTX1060\.m2\repository\org\springframework\boot\spring-boot-starter-tomcat\2.1.6.RELEASE\spring-boot-starter-tomcat-2.1.6.RELEASE.jar;C:\Users\ALIENWARE17-GTX1060\.m2\repository\org\apache\tomcat\embed\tomcat-embed-core\9.0.21\tomcat-embed-core-9.0.21.jar;C:\Users\ALIENWARE17-GTX1060\.m2\repository\org\apache\tomcat\embed\tomcat-embed-el\9.0.21\tomcat-embed-el-9.0.21.jar;C:\Users\ALIENWARE17-GTX1060\.m2\repository\org\apache\tomcat\embed\tomcat-embed-websocket\9.0.21\tomcat-embed-websocket-9.0.21.jar;C:\Users\ALIENWARE17-GTX1060\.m2\repository\org\hibernate\validator\hibernate-validator\6.0.17.Final\hibernate-validator-6.0.17.Final.jar;C:\Users\ALIENWARE17-GTX1060\.m2\repository\javax\validation\validation-api\2.0.1.Final\validation-api-2.0.1.Final.jar;C:\Users\ALIENWARE17-GTX1060\.m2\repository\org\jboss\logging\jboss-logging\3.3.2.Final\jboss-logging-3.3.2.Final.jar;C:\Users\ALIENWARE17-GTX1060\.m2\repository\com\fasterxml\classmate\1.4.0\classmate-1.4.0.jar;C:\Users\ALIENWARE17-GTX1060\.m2\repository\org\springframework\spring-web\5.1.8.RELEASE\spring-web-5.1.8.RELEASE.jar;C:\Users\ALIENWARE17-GTX1060\.m2\repository\org\springframework\spring-beans\5.1.8.RELEASE\spring-beans-5.1.8.RELEASE.jar;C:\Users\ALIENWARE17-GTX1060\.m2\repository\org\springframework\spring-webmvc\5.1.8.RELEASE\spring-webmvc-5.1.8.RELEASE.jar;C:\Users\ALIENWARE17-GTX1060\.m2\repository\org\springframework\spring-aop\5.1.8.RELEASE\spring-aop-5.1.8.RELEASE.jar;C:\Users\ALIENWARE17-GTX1060\.m2\repository\org\springframework\spring-expression\5.1.8.RELEASE\spring-expression-5.1.8.RELEASE.jar;C:\Users\ALIENWARE17-GTX1060\.m2\repository\org\springframework\boot\spring-boot-starter-test\2.1.6.RELEASE\spring-boot-starter-test-2.1.6.RELEASE.jar;C:\Users\ALIENWARE17-GTX1060\.m2\repository\org\springframework\boot\spring-boot-test\2.1.6.RELEASE\spring-boot-test-2.1.6.RELEASE.jar;C:\Users\ALIENWARE17-GTX1060\.m2\repository\org\springframework\boot\spring-boot-test-autoconfigure\2.1.6.RELEASE\spring-boot-test-autoconfigure-2.1.6.RELEASE.jar;C:\Users\ALIENWARE17-GTX1060\.m2\repository\com\jayway\jsonpath\json-path\2.4.0\json-path-2.4.0.jar;C:\Users\ALIENWARE17-GTX1060\.m2\repository\net\minidev\json-smart\2.3\json-smart-2.3.jar;C:\Users\ALIENWARE17-GTX1060\.m2\repository\net\minidev\accessors-smart\1.2\accessors-smart-1.2.jar;C:\Users\ALIENWARE17-GTX1060\.m2\repository\org\ow2\asm\asm\5.0.4\asm-5.0.4.jar;C:\Users\ALIENWARE17-GTX1060\.m2\repository\junit\junit\4.12\junit-4.12.jar;C:\Users\ALIENWARE17-GTX1060\.m2\repository\org\assertj\assertj-core\3.11.1\assertj-core-3.11.1.jar;C:\Users\ALIENWARE17-GTX1060\.m2\repository\org\mockito\mockito-core\2.23.4\mockito-core-2.23.4.jar;C:\Users\ALIENWARE17-GTX1060\.m2\repository\net\bytebuddy\byte-buddy\1.9.13\byte-buddy-1.9.13.jar;C:\Users\ALIENWARE17-GTX1060\.m2\repository\net\bytebuddy\byte-buddy-agent\1.9.13\byte-buddy-agent-1.9.13.jar;C:\Users\ALIENWARE17-GTX1060\.m2\repository\org\objenesis\objenesis\2.6\objenesis-2.6.jar;C:\Users\ALIENWARE17-GTX1060\.m2\repository\org\hamcrest\hamcrest-core\1.3\hamcrest-core-1.3.jar;C:\Users\ALIENWARE17-GTX1060\.m2\repository\org\hamcrest\hamcrest-library\1.3\hamcrest-library-1.3.jar;C:\Users\ALIENWARE17-GTX1060\.m2\repository\org\skyscreamer\jsonassert\1.5.0\jsonassert-1.5.0.jar;C:\Users\ALIENWARE17-GTX1060\.m2\repository\com\vaadin\external\google\android-json\0.0.20131108.vaadin1\android-json-0.0.20131108.vaadin1.jar;C:\Users\ALIENWARE17-GTX1060\.m2\repository\org\springframework\spring-core\5.1.8.RELEASE\spring-core-5.1.8.RELEASE.jar;C:\Users\ALIENWARE17-GTX1060\.m2\repository\org\springframework\spring-jcl\5.1.8.RELEASE\spring-jcl-5.1.8.RELEASE.jar;C:\Users\ALIENWARE17-GTX1060\.m2\repository\org\springframework\spring-test\5.1.8.RELEASE\spring-test-5.1.8.RELEASE.jar;C:\Users\ALIENWARE17-GTX1060\.m2\repository\org\xmlunit\xmlunit-core\2.6.2\xmlunit-core-2.6.2.jar;C:\Users\ALIENWARE17-GTX1060\.m2\repository\org\projectlombok\lombok\1.18.8\lombok-1.18.8.jar;C:\Users\ALIENWARE17-GTX1060\.m2\repository\org\springframework\kafka\spring-kafka\2.2.1.RELEASE\spring-kafka-2.2.1.RELEASE.jar;C:\Users\ALIENWARE17-GTX1060\.m2\repository\org\springframework\spring-context\5.1.8.RELEASE\spring-context-5.1.8.RELEASE.jar;C:\Users\ALIENWARE17-GTX1060\.m2\repository\org\springframework\spring-messaging\5.1.8.RELEASE\spring-messaging-5.1.8.RELEASE.jar;C:\Users\ALIENWARE17-GTX1060\.m2\repository\org\springframework\spring-tx\5.1.8.RELEASE\spring-tx-5.1.8.RELEASE.jar;C:\Users\ALIENWARE17-GTX1060\.m2\repository\org\springframework\retry\spring-retry\1.2.4.RELEASE\spring-retry-1.2.4.RELEASE.jar;C:\Users\ALIENWARE17-GTX1060\.m2\repository\org\apache\kafka\kafka-clients\2.0.1\kafka-clients-2.0.1.jar;C:\Users\ALIENWARE17-GTX1060\.m2\repository\org\lz4\lz4-java\1.4.1\lz4-java-1.4.1.jar;C:\Users\ALIENWARE17-GTX1060\.m2\repository\org\xerial\snappy\snappy-java\1.1.7.1\snappy-java-1.1.7.1.jar;C:\Users\ALIENWARE17-GTX1060\.m2\repository\com\alibaba\fastjson\1.2.55\fastjson-1.2.55.jar;C:\Users\ALIENWARE17-GTX1060\.m2\repository\org\springframework\boot\spring-boot-starter-data-redis\2.1.6.RELEASE\spring-boot-starter-data-redis-2.1.6.RELEASE.jar;C:\Users\ALIENWARE17-GTX1060\.m2\repository\org\springframework\data\spring-data-redis\2.1.9.RELEASE\spring-data-redis-2.1.9.RELEASE.jar;C:\Users\ALIENWARE17-GTX1060\.m2\repository\org\springframework\data\spring-data-keyvalue\2.1.9.RELEASE\spring-data-keyvalue-2.1.9.RELEASE.jar;C:\Users\ALIENWARE17-GTX1060\.m2\repository\org\springframework\data\spring-data-commons\2.1.9.RELEASE\spring-data-commons-2.1.9.RELEASE.jar;C:\Users\ALIENWARE17-GTX1060\.m2\repository\org\springframework\spring-oxm\5.1.8.RELEASE\spring-oxm-5.1.8.RELEASE.jar;C:\Users\ALIENWARE17-GTX1060\.m2\repository\org\springframework\spring-context-support\5.1.8.RELEASE\spring-context-support-5.1.8.RELEASE.jar;C:\Users\ALIENWARE17-GTX1060\.m2\repository\io\lettuce\lettuce-core\5.1.7.RELEASE\lettuce-core-5.1.7.RELEASE.jar;C:\Users\ALIENWARE17-GTX1060\.m2\repository\io\netty\netty-common\4.1.36.Final\netty-common-4.1.36.Final.jar;C:\Users\ALIENWARE17-GTX1060\.m2\repository\io\netty\netty-handler\4.1.36.Final\netty-handler-4.1.36.Final.jar;C:\Users\ALIENWARE17-GTX1060\.m2\repository\io\netty\netty-buffer\4.1.36.Final\netty-buffer-4.1.36.Final.jar;C:\Users\ALIENWARE17-GTX1060\.m2\repository\io\netty\netty-codec\4.1.36.Final\netty-codec-4.1.36.Final.jar;C:\Users\ALIENWARE17-GTX1060\.m2\repository\io\netty\netty-transport\4.1.36.Final\netty-transport-4.1.36.Final.jar;C:\Users\ALIENWARE17-GTX1060\.m2\repository\io\netty\netty-resolver\4.1.36.Final\netty-resolver-4.1.36.Final.jar;C:\Users\ALIENWARE17-GTX1060\.m2\repository\io\projectreactor\reactor-core\3.2.10.RELEASE\reactor-core-3.2.10.RELEASE.jar;C:\Users\ALIENWARE17-GTX1060\.m2\repository\org\reactivestreams\reactive-streams\1.0.2\reactive-streams-1.0.2.jar;C:\Users\ALIENWARE17-GTX1060\.m2\repository\redis\clients\jedis\3.1.0\jedis-3.1.0.jar;C:\Users\ALIENWARE17-GTX1060\.m2\repository\org\slf4j\slf4j-api\1.7.26\slf4j-api-1.7.26.jar;C:\Users\ALIENWARE17-GTX1060\.m2\repository\org\apache\commons\commons-pool2\2.6.2\commons-pool2-2.6.2.jar;C:\Users\ALIENWARE17-GTX1060\.m2\repository\org\springframework\boot\spring-boot-configuration-processor\2.1.6.RELEASE\spring-boot-configuration-processor-2.1.6.RELEASE.jar;C:\Users\ALIENWARE17-GTX1060\.m2\repository\org\apache\commons\commons-lang3\3.1\commons-lang3-3.1.jar;C:\Users\ALIENWARE17-GTX1060\.m2\repository\com\google\api\grpc\proto-google-common-protos\1.16.0\proto-google-common-protos-1.16.0.jar;C:\Users\ALIENWARE17-GTX1060\.m2\repository\com\google\protobuf\protobuf-java\3.7.1\protobuf-java-3.7.1.jar;"/>
    <property name="java.vm.vendor" value="Oracle Corporation"/>
    <property name="sun.arch.data.model" value="64"/>
    <property name="user.variant" value=""/>
    <property name="java.vendor.url" value="http://java.oracle.com/"/>
    <property name="user.timezone" value="Asia/Shanghai"/>
    <property name="java.vm.specification.version" value="1.8"/>
    <property name="os.name" value="Windows 10"/>
    <property name="user.country" value="CN"/>
    <property name="sun.java.launcher" value="SUN_STANDARD"/>
    <property name="sun.boot.library.path" value="E:\DevelopmentSpace\jdk\jdk-1.8\jre\bin"/>
    <property name="sun.java.command" value="C:\Users\ALIENW~1\AppData\Local\Temp\surefire8928826791211836023\surefirebooter7857118504624242709.jar C:\Users\ALIENWARE17-GTX1060\AppData\Local\Temp\surefire8928826791211836023 2019-07-26T17-05-08_372-jvmRun1 surefire2438305674420637214tmp surefire_06867693234732366343tmp"/>
    <property name="surefire.test.class.path" value="E:\job\rail\target\test-classes;E:\job\rail\target\classes;C:\Users\ALIENWARE17-GTX1060\.m2\repository\org\springframework\boot\spring-boot-starter-web\2.1.6.RELEASE\spring-boot-starter-web-2.1.6.RELEASE.jar;C:\Users\ALIENWARE17-GTX1060\.m2\repository\org\springframework\boot\spring-boot-starter\2.1.6.RELEASE\spring-boot-starter-2.1.6.RELEASE.jar;C:\Users\ALIENWARE17-GTX1060\.m2\repository\org\springframework\boot\spring-boot\2.1.6.RELEASE\spring-boot-2.1.6.RELEASE.jar;C:\Users\ALIENWARE17-GTX1060\.m2\repository\org\springframework\boot\spring-boot-autoconfigure\2.1.6.RELEASE\spring-boot-autoconfigure-2.1.6.RELEASE.jar;C:\Users\ALIENWARE17-GTX1060\.m2\repository\org\springframework\boot\spring-boot-starter-logging\2.1.6.RELEASE\spring-boot-starter-logging-2.1.6.RELEASE.jar;C:\Users\ALIENWARE17-GTX1060\.m2\repository\ch\qos\logback\logback-classic\1.2.3\logback-classic-1.2.3.jar;C:\Users\ALIENWARE17-GTX1060\.m2\repository\ch\qos\logback\logback-core\1.2.3\logback-core-1.2.3.jar;C:\Users\ALIENWARE17-GTX1060\.m2\repository\org\apache\logging\log4j\log4j-to-slf4j\2.11.2\log4j-to-slf4j-2.11.2.jar;C:\Users\ALIENWARE17-GTX1060\.m2\repository\org\apache\logging\log4j\log4j-api\2.11.2\log4j-api-2.11.2.jar;C:\Users\ALIENWARE17-GTX1060\.m2\repository\org\slf4j\jul-to-slf4j\1.7.26\jul-to-slf4j-1.7.26.jar;C:\Users\ALIENWARE17-GTX1060\.m2\repository\javax\annotation\javax.annotation-api\1.3.2\javax.annotation-api-1.3.2.jar;C:\Users\ALIENWARE17-GTX1060\.m2\repository\org\yaml\snakeyaml\1.23\snakeyaml-1.23.jar;C:\Users\ALIENWARE17-GTX1060\.m2\repository\org\springframework\boot\spring-boot-starter-json\2.1.6.RELEASE\spring-boot-starter-json-2.1.6.RELEASE.jar;C:\Users\ALIENWARE17-GTX1060\.m2\repository\com\fasterxml\jackson\core\jackson-databind\2.9.9\jackson-databind-2.9.9.jar;C:\Users\ALIENWARE17-GTX1060\.m2\repository\com\fasterxml\jackson\core\jackson-annotations\2.9.0\jackson-annotations-2.9.0.jar;C:\Users\ALIENWARE17-GTX1060\.m2\repository\com\fasterxml\jackson\core\jackson-core\2.9.9\jackson-core-2.9.9.jar;C:\Users\ALIENWARE17-GTX1060\.m2\repository\com\fasterxml\jackson\datatype\jackson-datatype-jdk8\2.9.9\jackson-datatype-jdk8-2.9.9.jar;C:\Users\ALIENWARE17-GTX1060\.m2\repository\com\fasterxml\jackson\datatype\jackson-datatype-jsr310\2.9.9\jackson-datatype-jsr310-2.9.9.jar;C:\Users\ALIENWARE17-GTX1060\.m2\repository\com\fasterxml\jackson\module\jackson-module-parameter-names\2.9.9\jackson-module-parameter-names-2.9.9.jar;C:\Users\ALIENWARE17-GTX1060\.m2\repository\org\springframework\boot\spring-boot-starter-tomcat\2.1.6.RELEASE\spring-boot-starter-tomcat-2.1.6.RELEASE.jar;C:\Users\ALIENWARE17-GTX1060\.m2\repository\org\apache\tomcat\embed\tomcat-embed-core\9.0.21\tomcat-embed-core-9.0.21.jar;C:\Users\ALIENWARE17-GTX1060\.m2\repository\org\apache\tomcat\embed\tomcat-embed-el\9.0.21\tomcat-embed-el-9.0.21.jar;C:\Users\ALIENWARE17-GTX1060\.m2\repository\org\apache\tomcat\embed\tomcat-embed-websocket\9.0.21\tomcat-embed-websocket-9.0.21.jar;C:\Users\ALIENWARE17-GTX1060\.m2\repository\org\hibernate\validator\hibernate-validator\6.0.17.Final\hibernate-validator-6.0.17.Final.jar;C:\Users\ALIENWARE17-GTX1060\.m2\repository\javax\validation\validation-api\2.0.1.Final\validation-api-2.0.1.Final.jar;C:\Users\ALIENWARE17-GTX1060\.m2\repository\org\jboss\logging\jboss-logging\3.3.2.Final\jboss-logging-3.3.2.Final.jar;C:\Users\ALIENWARE17-GTX1060\.m2\repository\com\fasterxml\classmate\1.4.0\classmate-1.4.0.jar;C:\Users\ALIENWARE17-GTX1060\.m2\repository\org\springframework\spring-web\5.1.8.RELEASE\spring-web-5.1.8.RELEASE.jar;C:\Users\ALIENWARE17-GTX1060\.m2\repository\org\springframework\spring-beans\5.1.8.RELEASE\spring-beans-5.1.8.RELEASE.jar;C:\Users\ALIENWARE17-GTX1060\.m2\repository\org\springframework\spring-webmvc\5.1.8.RELEASE\spring-webmvc-5.1.8.RELEASE.jar;C:\Users\ALIENWARE17-GTX1060\.m2\repository\org\springframework\spring-aop\5.1.8.RELEASE\spring-aop-5.1.8.RELEASE.jar;C:\Users\ALIENWARE17-GTX1060\.m2\repository\org\springframework\spring-expression\5.1.8.RELEASE\spring-expression-5.1.8.RELEASE.jar;C:\Users\ALIENWARE17-GTX1060\.m2\repository\org\springframework\boot\spring-boot-starter-test\2.1.6.RELEASE\spring-boot-starter-test-2.1.6.RELEASE.jar;C:\Users\ALIENWARE17-GTX1060\.m2\repository\org\springframework\boot\spring-boot-test\2.1.6.RELEASE\spring-boot-test-2.1.6.RELEASE.jar;C:\Users\ALIENWARE17-GTX1060\.m2\repository\org\springframework\boot\spring-boot-test-autoconfigure\2.1.6.RELEASE\spring-boot-test-autoconfigure-2.1.6.RELEASE.jar;C:\Users\ALIENWARE17-GTX1060\.m2\repository\com\jayway\jsonpath\json-path\2.4.0\json-path-2.4.0.jar;C:\Users\ALIENWARE17-GTX1060\.m2\repository\net\minidev\json-smart\2.3\json-smart-2.3.jar;C:\Users\ALIENWARE17-GTX1060\.m2\repository\net\minidev\accessors-smart\1.2\accessors-smart-1.2.jar;C:\Users\ALIENWARE17-GTX1060\.m2\repository\org\ow2\asm\asm\5.0.4\asm-5.0.4.jar;C:\Users\ALIENWARE17-GTX1060\.m2\repository\junit\junit\4.12\junit-4.12.jar;C:\Users\ALIENWARE17-GTX1060\.m2\repository\org\assertj\assertj-core\3.11.1\assertj-core-3.11.1.jar;C:\Users\ALIENWARE17-GTX1060\.m2\repository\org\mockito\mockito-core\2.23.4\mockito-core-2.23.4.jar;C:\Users\ALIENWARE17-GTX1060\.m2\repository\net\bytebuddy\byte-buddy\1.9.13\byte-buddy-1.9.13.jar;C:\Users\ALIENWARE17-GTX1060\.m2\repository\net\bytebuddy\byte-buddy-agent\1.9.13\byte-buddy-agent-1.9.13.jar;C:\Users\ALIENWARE17-GTX1060\.m2\repository\org\objenesis\objenesis\2.6\objenesis-2.6.jar;C:\Users\ALIENWARE17-GTX1060\.m2\repository\org\hamcrest\hamcrest-core\1.3\hamcrest-core-1.3.jar;C:\Users\ALIENWARE17-GTX1060\.m2\repository\org\hamcrest\hamcrest-library\1.3\hamcrest-library-1.3.jar;C:\Users\ALIENWARE17-GTX1060\.m2\repository\org\skyscreamer\jsonassert\1.5.0\jsonassert-1.5.0.jar;C:\Users\ALIENWARE17-GTX1060\.m2\repository\com\vaadin\external\google\android-json\0.0.20131108.vaadin1\android-json-0.0.20131108.vaadin1.jar;C:\Users\ALIENWARE17-GTX1060\.m2\repository\org\springframework\spring-core\5.1.8.RELEASE\spring-core-5.1.8.RELEASE.jar;C:\Users\ALIENWARE17-GTX1060\.m2\repository\org\springframework\spring-jcl\5.1.8.RELEASE\spring-jcl-5.1.8.RELEASE.jar;C:\Users\ALIENWARE17-GTX1060\.m2\repository\org\springframework\spring-test\5.1.8.RELEASE\spring-test-5.1.8.RELEASE.jar;C:\Users\ALIENWARE17-GTX1060\.m2\repository\org\xmlunit\xmlunit-core\2.6.2\xmlunit-core-2.6.2.jar;C:\Users\ALIENWARE17-GTX1060\.m2\repository\org\projectlombok\lombok\1.18.8\lombok-1.18.8.jar;C:\Users\ALIENWARE17-GTX1060\.m2\repository\org\springframework\kafka\spring-kafka\2.2.1.RELEASE\spring-kafka-2.2.1.RELEASE.jar;C:\Users\ALIENWARE17-GTX1060\.m2\repository\org\springframework\spring-context\5.1.8.RELEASE\spring-context-5.1.8.RELEASE.jar;C:\Users\ALIENWARE17-GTX1060\.m2\repository\org\springframework\spring-messaging\5.1.8.RELEASE\spring-messaging-5.1.8.RELEASE.jar;C:\Users\ALIENWARE17-GTX1060\.m2\repository\org\springframework\spring-tx\5.1.8.RELEASE\spring-tx-5.1.8.RELEASE.jar;C:\Users\ALIENWARE17-GTX1060\.m2\repository\org\springframework\retry\spring-retry\1.2.4.RELEASE\spring-retry-1.2.4.RELEASE.jar;C:\Users\ALIENWARE17-GTX1060\.m2\repository\org\apache\kafka\kafka-clients\2.0.1\kafka-clients-2.0.1.jar;C:\Users\ALIENWARE17-GTX1060\.m2\repository\org\lz4\lz4-java\1.4.1\lz4-java-1.4.1.jar;C:\Users\ALIENWARE17-GTX1060\.m2\repository\org\xerial\snappy\snappy-java\1.1.7.1\snappy-java-1.1.7.1.jar;C:\Users\ALIENWARE17-GTX1060\.m2\repository\com\alibaba\fastjson\1.2.55\fastjson-1.2.55.jar;C:\Users\ALIENWARE17-GTX1060\.m2\repository\org\springframework\boot\spring-boot-starter-data-redis\2.1.6.RELEASE\spring-boot-starter-data-redis-2.1.6.RELEASE.jar;C:\Users\ALIENWARE17-GTX1060\.m2\repository\org\springframework\data\spring-data-redis\2.1.9.RELEASE\spring-data-redis-2.1.9.RELEASE.jar;C:\Users\ALIENWARE17-GTX1060\.m2\repository\org\springframework\data\spring-data-keyvalue\2.1.9.RELEASE\spring-data-keyvalue-2.1.9.RELEASE.jar;C:\Users\ALIENWARE17-GTX1060\.m2\repository\org\springframework\data\spring-data-commons\2.1.9.RELEASE\spring-data-commons-2.1.9.RELEASE.jar;C:\Users\ALIENWARE17-GTX1060\.m2\repository\org\springframework\spring-oxm\5.1.8.RELEASE\spring-oxm-5.1.8.RELEASE.jar;C:\Users\ALIENWARE17-GTX1060\.m2\repository\org\springframework\spring-context-support\5.1.8.RELEASE\spring-context-support-5.1.8.RELEASE.jar;C:\Users\ALIENWARE17-GTX1060\.m2\repository\io\lettuce\lettuce-core\5.1.7.RELEASE\lettuce-core-5.1.7.RELEASE.jar;C:\Users\ALIENWARE17-GTX1060\.m2\repository\io\netty\netty-common\4.1.36.Final\netty-common-4.1.36.Final.jar;C:\Users\ALIENWARE17-GTX1060\.m2\repository\io\netty\netty-handler\4.1.36.Final\netty-handler-4.1.36.Final.jar;C:\Users\ALIENWARE17-GTX1060\.m2\repository\io\netty\netty-buffer\4.1.36.Final\netty-buffer-4.1.36.Final.jar;C:\Users\ALIENWARE17-GTX1060\.m2\repository\io\netty\netty-codec\4.1.36.Final\netty-codec-4.1.36.Final.jar;C:\Users\ALIENWARE17-GTX1060\.m2\repository\io\netty\netty-transport\4.1.36.Final\netty-transport-4.1.36.Final.jar;C:\Users\ALIENWARE17-GTX1060\.m2\repository\io\netty\netty-resolver\4.1.36.Final\netty-resolver-4.1.36.Final.jar;C:\Users\ALIENWARE17-GTX1060\.m2\repository\io\projectreactor\reactor-core\3.2.10.RELEASE\reactor-core-3.2.10.RELEASE.jar;C:\Users\ALIENWARE17-GTX1060\.m2\repository\org\reactivestreams\reactive-streams\1.0.2\reactive-streams-1.0.2.jar;C:\Users\ALIENWARE17-GTX1060\.m2\repository\redis\clients\jedis\3.1.0\jedis-3.1.0.jar;C:\Users\ALIENWARE17-GTX1060\.m2\repository\org\slf4j\slf4j-api\1.7.26\slf4j-api-1.7.26.jar;C:\Users\ALIENWARE17-GTX1060\.m2\repository\org\apache\commons\commons-pool2\2.6.2\commons-pool2-2.6.2.jar;C:\Users\ALIENWARE17-GTX1060\.m2\repository\org\springframework\boot\spring-boot-configuration-processor\2.1.6.RELEASE\spring-boot-configuration-processor-2.1.6.RELEASE.jar;C:\Users\ALIENWARE17-GTX1060\.m2\repository\org\apache\commons\commons-lang3\3.1\commons-lang3-3.1.jar;C:\Users\ALIENWARE17-GTX1060\.m2\repository\com\google\api\grpc\proto-google-common-protos\1.16.0\proto-google-common-protos-1.16.0.jar;C:\Users\ALIENWARE17-GTX1060\.m2\repository\com\google\protobuf\protobuf-java\3.7.1\protobuf-java-3.7.1.jar;"/>
    <property name="sun.cpu.endian" value="little"/>
    <property name="user.home" value="C:\Users\ALIENWARE17-GTX1060"/>
    <property name="user.language" value="zh"/>
    <property name="java.specification.vendor" value="Oracle Corporation"/>
    <property name="java.home" value="E:\DevelopmentSpace\jdk\jdk-1.8\jre"/>
    <property name="basedir" value="E:\job\rail"/>
    <property name="file.separator" value="\"/>
    <property name="line.separator" value="&#10;"/>
    <property name="java.vm.specification.vendor" value="Oracle Corporation"/>
    <property name="java.specification.name" value="Java Platform API Specification"/>
    <property name="java.awt.graphicsenv" value="sun.awt.Win32GraphicsEnvironment"/>
    <property name="surefire.real.class.path" value="C:\Users\ALIENW~1\AppData\Local\Temp\surefire8928826791211836023\surefirebooter7857118504624242709.jar"/>
    <property name="sun.boot.class.path" value="E:\DevelopmentSpace\jdk\jdk-1.8\jre\lib\resources.jar;E:\DevelopmentSpace\jdk\jdk-1.8\jre\lib\rt.jar;E:\DevelopmentSpace\jdk\jdk-1.8\jre\lib\sunrsasign.jar;E:\DevelopmentSpace\jdk\jdk-1.8\jre\lib\jsse.jar;E:\DevelopmentSpace\jdk\jdk-1.8\jre\lib\jce.jar;E:\DevelopmentSpace\jdk\jdk-1.8\jre\lib\charsets.jar;E:\DevelopmentSpace\jdk\jdk-1.8\jre\lib\jfr.jar;E:\DevelopmentSpace\jdk\jdk-1.8\jre\classes"/>
    <property name="user.script" value=""/>
    <property name="sun.management.compiler" value="HotSpot 64-Bit Tiered Compilers"/>
    <property name="java.runtime.version" value="1.8.0_91-b15"/>
    <property name="user.name" value="ALIENWARE17-GTX1060"/>
    <property name="path.separator" value=";"/>
    <property name="os.version" value="10.0"/>
    <property name="java.endorsed.dirs" value="E:\DevelopmentSpace\jdk\jdk-1.8\jre\lib\endorsed"/>
    <property name="java.runtime.name" value="Java(TM) SE Runtime Environment"/>
    <property name="file.encoding" value="GBK"/>
    <property name="java.vm.name" value="Java HotSpot(TM) 64-Bit Server VM"/>
    <property name="localRepository" value="C:\Users\ALIENWARE17-GTX1060\.m2\repository"/>
    <property name="java.vendor.url.bug" value="http://bugreport.sun.com/bugreport/"/>
    <property name="java.io.tmpdir" value="C:\Users\ALIENW~1\AppData\Local\Temp\"/>
    <property name="idea.version" value="2018.3.6"/>
    <property name="java.version" value="1.8.0_91"/>
    <property name="user.dir" value="E:\job\rail"/>
    <property name="os.arch" value="amd64"/>
    <property name="java.vm.specification.name" value="Java Virtual Machine Specification"/>
    <property name="java.awt.printerjob" value="sun.awt.windows.WPrinterJob"/>
    <property name="sun.os.patch.level" value=""/>
    <property name="java.library.path" value="E:\DevelopmentSpace\jdk\jdk-1.8\jre\bin;C:\WINDOWS\Sun\Java\bin;C:\WINDOWS\system32;C:\WINDOWS;E:\DevelopmentSpace\xftp\;E:\DevelopmentSpace\xshell\;C:\Python27\;C:\Python27\Scripts;C:\WINDOWS\system32;C:\WINDOWS;C:\WINDOWS\System32\Wbem;C:\WINDOWS\System32\WindowsPowerShell\v1.0\;C:\WINDOWS\System32\OpenSSH\;E:\DevelopmentSpace\jdk\jdk-1.8\bin;E:\DevelopmentSpace\jdk\jdk-1.8\jre\bin;E:\DevelopmentSpace\apache-maven-3.3.3\bin;E:\nodeJs\;C:\ProgramData\chocolatey\bin;E:\git\Git\cmd;C:\Go\bin;E:\DevelopmentSpace\consul;C:\Users\ALIENWARE17-GTX1060\AppData\Local\Microsoft\WindowsApps;E:\DevelopmentSpace\jdk\jdk-1.8\bin;E:\DevelopmentSpace\jdk\jdk-1.8\jre\bin;C:\Users\ALIENWARE17-GTX1060\AppData\Roaming\npm;C:\Users\ALIENWARE17-GTX1060\AppData\Local\atom\bin;C:\Users\ALIENWARE17-GTX1060\go\bin;C:\Users\ALIENWARE17-GTX1060\AppData\Local\BypassRuntm;."/>
    <property name="java.vm.info" value="mixed mode"/>
    <property name="java.vendor" value="Oracle Corporation"/>
    <property name="java.vm.version" value="25.91-b15"/>
    <property name="java.ext.dirs" value="E:\DevelopmentSpace\jdk\jdk-1.8\jre\lib\ext;C:\WINDOWS\Sun\Java\lib\ext"/>
    <property name="sun.io.unicode.encoding" value="UnicodeLittle"/>
    <property name="java.class.version" value="52.0"/>
  </properties>
  <testcase name="contextLoads" classname="com.example.rail.RailApplicationTests" time="0.263"/>
</testsuite>